<?xml version="1.0" encoding="UTF-8"?>
<!-- Generated by org.testng.reporters.JUnitReportReporter -->
<testsuite hostname="WINDOWS-BED5AOG" name="TestCases.VerifyHomePage2copy" tests="1" failures="0" timestamp="13 Apr 2017 16:21:14 GMT" time="10.998" errors="0">
  <testcase name="TestCase02" time="10.998" classname="TestCases.VerifyHomePage2copy"/>
</testsuite> <!-- TestCases.VerifyHomePage2copy -->
