<?xml version="1.0" encoding="UTF-8"?>
<!-- Generated by org.testng.reporters.JUnitReportReporter -->
<testsuite hostname="WINDOWS-BED5AOG" name="TestCases.VerifyHomePage" tests="2" failures="0" timestamp="13 Apr 2017 16:05:30 GMT" time="32.802" errors="0">
  <testcase name="TestCase2" time="20.921" classname="TestCases.VerifyHomePage"/>
  <testcase name="TestCase02" time="11.881" classname="TestCases.VerifyHomePage"/>
</testsuite> <!-- TestCases.VerifyHomePage -->
